[32mGenerating summary for rustaceanrob beginning 2025-12-07 09:22:23.245886664 UTC[0m
 
[32mMerged commits in bitcoin/bitcoin[0m
refactor: Add compile-time-checked hex txid
 
[32mOpen pull requests for bitcoin/bitcoin[0m
refactor: Use an enum for `Autofile::seek` wrapper #34077
Implementation of SwiftSync #34004
 
[32mMerged commits in rust-bitcoin/rust-bitcoin[0m
Add PRNG to `MerkleBlock` tests
p2p: Use `primitives` in `bip152` tests
Move `TxIdentifier` into `bip152`
p2p: Remove `OutPointExt` from `p2p` tests
Move `FilterHash`, `FilterHeader` to `p2p`
Create empty `bip158` crate
 
[32mOpen pull requests for rust-bitcoin/rust-bitcoin[0m
p2p: Implement `encoding` traits for BIP-157 types #5490
p2p: Implement `encoding` for most of BIP-152 types #5481
Move `MerkleBlock` to `p2p` #5479
p2p: Implement `encoding` traits for `FilterLoad` #5478
p2p: Implement `encoding` traits for `FilterAdd` #5476
p2p: Remove BIP-152 indirection #5474
p2p: Implement `encoding` traits for `GetBlocks/HeadersMessage` #5473
p2p: Implement `encoding` traits for `InventoryPayload` #5472
p2p: Implement `encoding` traits for `Inventory` #5466
p2p: Implement `encoding` traits for `ServiceFlags` #5465
p2p: Implement `encoding` traits for `ProtocolVersion` #5464
Move `bip158` logic into `bip158` crate #5418
 
[32mMerged commits in 2140-dev/kyoto[0m
None since 2025-12-07 09:22:23.245886664 UTC
 
[32mOpen pull requests for 2140-dev/kyoto[0m
None since 2025-12-07 09:22:23.245886664 UTC
 
[32mMerged commits in 2140-dev/swiftsync[0m
